{
  "RSpec": {
    "coverage": {
      "/Users/hajee/src/page_record/lib/page_record.rb": [
        1,
        1,
        1,
        1,
        1
      ],
      "/Users/hajee/src/page_record/lib/page_record/page_record.rb": [
        null,
        1,
        null,
        1,
        null,
        1,
        1,
        null,
        1,
        38,
        null,
        38,
        38,
        38,
        38,
        38,
        36,
        6,
        3,
        null,
        1,
        null,
        null,
        null,
        null,
        1,
        null,
        1,
        4,
        4,
        2,
        2,
        null,
        null,
        null,
        1,
        2,
        1,
        1,
        null,
        null,
        null,
        1,
        1,
        0,
        1,
        null,
        null,
        null,
        null
      ],
      "/Users/hajee/src/page_record/lib/page_record/class_methods.rb": [
        1,
        1,
        null,
        1,
        10,
        10,
        8,
        19,
        19,
        null,
        7,
        null,
        null,
        1,
        13,
        null,
        null,
        1,
        9,
        9,
        7,
        4,
        4,
        5,
        2,
        null,
        1,
        null,
        null,
        null,
        null,
        1,
        1,
        1,
        1,
        1,
        1,
        1,
        null,
        null,
        1,
        1,
        1,
        1,
        4,
        2,
        null,
        null,
        null,
        null,
        null,
        1,
        1,
        1,
        4,
        4,
        null,
        null,
        null,
        null,
        null,
        null,
        1,
        1,
        1,
        1,
        1,
        null,
        null,
        null,
        1,
        2,
        1,
        null,
        1,
        1,
        null,
        1,
        4,
        9,
        null,
        null,
        null,
        null,
        null,
        null,
        1,
        57,
        33,
        null,
        24,
        24,
        6,
        3,
        null,
        3,
        null,
        null,
        null,
        null,
        null,
        null
      ],
      "/Users/hajee/src/page_record/lib/page_record/errors.rb": [
        1,
        1,
        1,
        1,
        1,
        null
      ],
      "/Users/hajee/src/page_record/spec/team.rb": [
        1,
        1,
        3,
        null,
        null
      ],
      "/Users/hajee/src/page_record/spec/shared_contexts.rb": [
        1,
        2,
        17,
        null,
        null,
        null,
        null,
        null,
        null,
        null,
        null,
        null,
        null,
        null,
        null,
        null,
        null,
        null,
        null,
        null,
        null,
        null,
        null,
        null,
        1,
        3,
        16,
        null,
        null,
        null,
        null,
        null,
        null,
        null,
        null,
        null,
        null,
        null,
        null,
        null,
        null,
        null,
        null,
        null,
        null,
        null,
        null,
        null,
        null,
        null,
        null,
        null,
        null,
        null,
        null,
        null,
        null,
        null,
        null,
        null,
        null,
        null,
        null,
        null,
        null,
        null,
        null,
        null,
        null,
        null,
        null,
        1,
        1,
        1,
        null,
        null,
        null,
        null,
        null,
        null,
        1,
        2,
        2,
        null,
        null,
        null,
        null,
        null,
        null,
        null,
        null,
        null,
        null,
        null,
        null
      ],
      "/Users/hajee/src/page_record/spec/shared_examples.rb": [
        1,
        null,
        2,
        2,
        null,
        null,
        2,
        2,
        6,
        null,
        null,
        null,
        2,
        2,
        null,
        null,
        null,
        null,
        1,
        3,
        null,
        6,
        null,
        3,
        6,
        null,
        null,
        null,
        3,
        null,
        6,
        null,
        3,
        6,
        null,
        null,
        null,
        null,
        null,
        1,
        4,
        4,
        null,
        null,
        4,
        4,
        null,
        null
      ]
    },
    "timestamp": 1370887483
  }
}
